# JRE version: Java(TM) SE Runtime Environment (8.0_102-b14) (build 1.8.0_102-b14)
# Java VM: Java HotSpot(TM) 64-Bit Server VM (25.102-b14 mixed mode windows-amd64 compressed oops)
Heap:
 PSYoungGen      total 308736K, used 72790K [0x00000000eb400000, 0x0000000100000000, 0x0000000100000000)
  eden space 294912K, 20% used [0x00000000eb400000,0x00000000eed99c60,0x00000000fd400000)
  from space 13824K, 99% used [0x00000000fd400000,0x00000000fe17bc60,0x00000000fe180000)
  to   space 23040K, 0% used [0x00000000fe980000,0x00000000fe980000,0x0000000100000000)
 ParOldGen       total 161280K, used 89742K [0x00000000c1c00000, 0x00000000cb980000, 0x00000000eb400000)
  object space 161280K, 55% used [0x00000000c1c00000,0x00000000c73a39d8,0x00000000cb980000)
 Metaspace       used 10316K, capacity 10484K, committed 10752K, reserved 1058816K
  class space    used 1148K, capacity 1206K, committed 1280K, reserved 1048576K
GC Heap History (10 events):
Event: 27.495 GC heap before
{Heap before GC invocations=28 (full 2):
 PSYoungGen      total 324096K, used 324067K [0x00000000eb400000, 0x0000000100000000, 0x0000000100000000)
  eden space 308736K, 100% used [0x00000000eb400000,0x00000000fe180000,0x00000000fe180000)
  from space 15360K, 99% used [0x00000000fe180000,0x00000000ff078f10,0x00000000ff080000)
  to   space 15872K, 0% used [0x00000000ff080000,0x00000000ff080000,0x0000000100000000)
 ParOldGen       total 121856K, used 77721K [0x00000000c1c00000, 0x00000000c9300000, 0x00000000eb400000)
  object space 121856K, 63% used [0x00000000c1c00000,0x00000000c67e6410,0x00000000c9300000)
 Metaspace       used 10293K, capacity 10420K, committed 10496K, reserved 1058816K
  class space    used 1147K, capacity 1206K, committed 1280K, reserved 1048576K
Event: 27.508 GC heap after
Heap after GC invocations=28 (full 2):
 PSYoungGen      total 317952K, used 10816K [0x00000000eb400000, 0x0000000100000000, 0x0000000100000000)
  eden space 302080K, 0% used [0x00000000eb400000,0x00000000eb400000,0x00000000fdb00000)
  from space 15872K, 68% used [0x00000000ff080000,0x00000000ffb10000,0x0000000100000000)
  to   space 18944K, 0% used [0x00000000fdb00000,0x00000000fdb00000,0x00000000fed80000)
 ParOldGen       total 121856K, used 91531K [0x00000000c1c00000, 0x00000000c9300000, 0x00000000eb400000)
  object space 121856K, 75% used [0x00000000c1c00000,0x00000000c7562e98,0x00000000c9300000)
 Metaspace       used 10293K, capacity 10420K, committed 10496K, reserved 1058816K
  class space    used 1147K, capacity 1206K, committed 1280K, reserved 1048576K
}
Event: 28.273 GC heap before
{Heap before GC invocations=29 (full 2):
 PSYoungGen      total 317952K, used 312896K [0x00000000eb400000, 0x0000000100000000, 0x0000000100000000)
  eden space 302080K, 100% used [0x00000000eb400000,0x00000000fdb00000,0x00000000fdb00000)
  from space 15872K, 68% used [0x00000000ff080000,0x00000000ffb10000,0x0000000100000000)
  to   space 18944K, 0% used [0x00000000fdb00000,0x00000000fdb00000,0x00000000fed80000)
 ParOldGen       total 121856K, used 91531K [0x00000000c1c00000, 0x00000000c9300000, 0x00000000eb400000)
  object space 121856K, 75% used [0x00000000c1c00000,0x00000000c7562e98,0x00000000c9300000)
 Metaspace       used 10313K, capacity 10484K, committed 10752K, reserved 1058816K
  class space    used 1148K, capacity 1206K, committed 1280K, reserved 1048576K
Event: 28.286 GC heap after
Heap after GC invocations=29 (full 2):
 PSYoungGen      total 321024K, used 18915K [0x00000000eb400000, 0x0000000100000000, 0x0000000100000000)
  eden space 302080K, 0% used [0x00000000eb400000,0x00000000eb400000,0x00000000fdb00000)
  from space 18944K, 99% used [0x00000000fdb00000,0x00000000fed78f10,0x00000000fed80000)
  to   space 18944K, 0% used [0x00000000fed80000,0x00000000fed80000,0x0000000100000000)
 ParOldGen       total 121856K, used 94583K [0x00000000c1c00000, 0x00000000c9300000, 0x00000000eb400000)
  object space 121856K, 77% used [0x00000000c1c00000,0x00000000c785dda8,0x00000000c9300000)
 Metaspace       used 10313K, capacity 10484K, committed 10752K, reserved 1058816K
  class space    used 1148K, capacity 1206K, committed 1280K, reserved 1048576K
}
Event: 29.011 GC heap before
{Heap before GC invocations=30 (full 2):
 PSYoungGen      total 321024K, used 320995K [0x00000000eb400000, 0x0000000100000000, 0x0000000100000000)
  eden space 302080K, 100% used [0x00000000eb400000,0x00000000fdb00000,0x00000000fdb00000)
  from space 18944K, 99% used [0x00000000fdb00000,0x00000000fed78f10,0x00000000fed80000)
  to   space 18944K, 0% used [0x00000000fed80000,0x00000000fed80000,0x0000000100000000)
 ParOldGen       total 121856K, used 94583K [0x00000000c1c00000, 0x00000000c9300000, 0x00000000eb400000)
  object space 121856K, 77% used [0x00000000c1c00000,0x00000000c785dda8,0x00000000c9300000)
 Metaspace       used 10315K, capacity 10484K, committed 10752K, reserved 1058816K
  class space    used 1148K, capacity 1206K, committed 1280K, reserved 1048576K
Event: 29.031 GC heap after
Heap after GC invocations=30 (full 2):
 PSYoungGen      total 313856K, used 11872K [0x00000000eb400000, 0x0000000100000000, 0x0000000100000000)
  eden space 294912K, 0% used [0x00000000eb400000,0x00000000eb400000,0x00000000fd400000)
  from space 18944K, 62% used [0x00000000fed80000,0x00000000ff918010,0x0000000100000000)
  to   space 22528K, 0% used [0x00000000fd400000,0x00000000fd400000,0x00000000fea00000)
 ParOldGen       total 121856K, used 112171K [0x00000000c1c00000, 0x00000000c9300000, 0x00000000eb400000)
  object space 121856K, 92% used [0x00000000c1c00000,0x00000000c898acb8,0x00000000c9300000)
 Metaspace       used 10315K, capacity 10484K, committed 10752K, reserved 1058816K
  class space    used 1148K, capacity 1206K, committed 1280K, reserved 1048576K
}
Event: 29.031 GC heap before
{Heap before GC invocations=31 (full 3):
 PSYoungGen      total 313856K, used 11872K [0x00000000eb400000, 0x0000000100000000, 0x0000000100000000)
  eden space 294912K, 0% used [0x00000000eb400000,0x00000000eb400000,0x00000000fd400000)
  from space 18944K, 62% used [0x00000000fed80000,0x00000000ff918010,0x0000000100000000)
  to   space 22528K, 0% used [0x00000000fd400000,0x00000000fd400000,0x00000000fea00000)
 ParOldGen       total 121856K, used 112171K [0x00000000c1c00000, 0x00000000c9300000, 0x00000000eb400000)
  object space 121856K, 92% used [0x00000000c1c00000,0x00000000c898acb8,0x00000000c9300000)
 Metaspace       used 10315K, capacity 10484K, committed 10752K, reserved 1058816K
  class space    used 1148K, capacity 1206K, committed 1280K, reserved 1048576K
Event: 29.212 GC heap after
Heap after GC invocations=31 (full 3):
 PSYoungGen      total 313856K, used 0K [0x00000000eb400000, 0x0000000100000000, 0x0000000100000000)
  eden space 294912K, 0% used [0x00000000eb400000,0x00000000eb400000,0x00000000fd400000)
  from space 18944K, 0% used [0x00000000fed80000,0x00000000fed80000,0x0000000100000000)
  to   space 22528K, 0% used [0x00000000fd400000,0x00000000fd400000,0x00000000fea00000)
 ParOldGen       total 161280K, used 89742K [0x00000000c1c00000, 0x00000000cb980000, 0x00000000eb400000)
  object space 161280K, 55% used [0x00000000c1c00000,0x00000000c73a39d8,0x00000000cb980000)
 Metaspace       used 10315K, capacity 10484K, committed 10752K, reserved 1058816K
  class space    used 1148K, capacity 1206K, committed 1280K, reserved 1048576K
}
Event: 30.051 GC heap before
{Heap before GC invocations=32 (full 3):
 PSYoungGen      total 313856K, used 294912K [0x00000000eb400000, 0x0000000100000000, 0x0000000100000000)
  eden space 294912K, 100% used [0x00000000eb400000,0x00000000fd400000,0x00000000fd400000)
  from space 18944K, 0% used [0x00000000fed80000,0x00000000fed80000,0x0000000100000000)
  to   space 22528K, 0% used [0x00000000fd400000,0x00000000fd400000,0x00000000fea00000)
 ParOldGen       total 161280K, used 89742K [0x00000000c1c00000, 0x00000000cb980000, 0x00000000eb400000)
  object space 161280K, 55% used [0x00000000c1c00000,0x00000000c73a39d8,0x00000000cb980000)
 Metaspace       used 10315K, capacity 10484K, committed 10752K, reserved 1058816K
  class space    used 1148K, capacity 1206K, committed 1280K, reserved 1048576K
Event: 30.061 GC heap after
Heap after GC invocations=32 (full 3):
 PSYoungGen      total 308736K, used 13807K [0x00000000eb400000, 0x0000000100000000, 0x0000000100000000)
  eden space 294912K, 0% used [0x00000000eb400000,0x00000000eb400000,0x00000000fd400000)
  from space 13824K, 99% used [0x00000000fd400000,0x00000000fe17bc60,0x00000000fe180000)
  to   space 23040K, 0% used [0x00000000fe980000,0x00000000fe980000,0x0000000100000000)
 ParOldGen       total 161280K, used 89742K [0x00000000c1c00000, 0x00000000cb980000, 0x00000000eb400000)
  object space 161280K, 55% used [0x00000000c1c00000,0x00000000c73a39d8,0x00000000cb980000)
 Metaspace       used 10315K, capacity 10484K, committed 10752K, reserved 1058816K
  class space    used 1148K, capacity 1206K, committed 1280K, reserved 1048576K
}

